{"/home/m/git/starhs-api-proxy-aws-lambda/api.js":{"path":"/home/m/git/starhs-api-proxy-aws-lambda/api.js","s":{"1":1,"2":1,"3":1,"4":6,"5":6,"6":6,"7":6,"8":6,"9":6,"10":1,"11":1,"12":1,"13":1,"14":7,"15":1,"16":6,"17":6,"18":6,"19":6,"20":1,"21":7,"22":7,"23":1,"24":6,"25":1,"26":5,"27":1},"b":{"1":[1,6],"2":[7,6],"3":[1,6],"4":[1,5]},"f":{"1":6},"fnMap":{"1":{"name":"HttpProblem","line":19,"loc":{"start":{"line":19,"column":0},"end":{"line":19,"column":51}}}},"statementMap":{"1":{"start":{"line":3,"column":0},"end":{"line":3,"column":87}},"2":{"start":{"line":4,"column":0},"end":{"line":4,"column":38}},"3":{"start":{"line":19,"column":0},"end":{"line":26,"column":1}},"4":{"start":{"line":20,"column":2},"end":{"line":20,"column":27}},"5":{"start":{"line":21,"column":2},"end":{"line":21,"column":18}},"6":{"start":{"line":22,"column":2},"end":{"line":22,"column":20}},"7":{"start":{"line":23,"column":2},"end":{"line":23,"column":22}},"8":{"start":{"line":24,"column":2},"end":{"line":24,"column":22}},"9":{"start":{"line":25,"column":2},"end":{"line":25,"column":38}},"10":{"start":{"line":28,"column":0},"end":{"line":28,"column":54}},"11":{"start":{"line":29,"column":0},"end":{"line":29,"column":47}},"12":{"start":{"line":30,"column":0},"end":{"line":30,"column":87}},"13":{"start":{"line":32,"column":0},"end":{"line":39,"column":1}},"14":{"start":{"line":33,"column":2},"end":{"line":33,"column":48}},"15":{"start":{"line":33,"column":36},"end":{"line":33,"column":48}},"16":{"start":{"line":34,"column":2},"end":{"line":34,"column":29}},"17":{"start":{"line":35,"column":2},"end":{"line":37,"column":4}},"18":{"start":{"line":36,"column":4},"end":{"line":36,"column":41}},"19":{"start":{"line":38,"column":2},"end":{"line":38,"column":47}},"20":{"start":{"line":41,"column":0},"end":{"line":50,"column":1}},"21":{"start":{"line":42,"column":2},"end":{"line":42,"column":53}},"22":{"start":{"line":43,"column":2},"end":{"line":45,"column":3}},"23":{"start":{"line":44,"column":4},"end":{"line":44,"column":49}},"24":{"start":{"line":46,"column":2},"end":{"line":48,"column":3}},"25":{"start":{"line":47,"column":4},"end":{"line":47,"column":60}},"26":{"start":{"line":49,"column":2},"end":{"line":49,"column":13}},"27":{"start":{"line":51,"column":0},"end":{"line":55,"column":1}}},"branchMap":{"1":{"line":33,"type":"if","locations":[{"start":{"line":33,"column":2},"end":{"line":33,"column":2}},{"start":{"line":33,"column":2},"end":{"line":33,"column":2}}]},"2":{"line":33,"type":"binary-expr","locations":[{"start":{"line":33,"column":6},"end":{"line":33,"column":14}},{"start":{"line":33,"column":18},"end":{"line":33,"column":34}}]},"3":{"line":43,"type":"if","locations":[{"start":{"line":43,"column":2},"end":{"line":43,"column":2}},{"start":{"line":43,"column":2},"end":{"line":43,"column":2}}]},"4":{"line":46,"type":"if","locations":[{"start":{"line":46,"column":2},"end":{"line":46,"column":2}},{"start":{"line":46,"column":2},"end":{"line":46,"column":2}}]}}},"/home/m/git/starhs-api-proxy-aws-lambda/index.js":{"path":"/home/m/git/starhs-api-proxy-aws-lambda/index.js","s":{"1":1,"2":1,"3":1,"4":1,"5":1,"6":4,"7":4,"8":4,"9":0,"10":4,"11":1,"12":4,"13":4,"14":4,"15":4,"16":4,"17":4,"18":4,"19":1,"20":3,"21":3,"22":3,"23":1,"24":2,"25":1,"26":1,"27":3},"b":{"1":[0,4],"2":[4,3],"3":[1,3],"4":[4,3],"5":[3,1],"6":[1,0],"7":[4,1],"8":[1,3],"9":[4,4],"10":[1,2],"11":[3,2],"12":[1,1]},"f":{},"fnMap":{},"statementMap":{"1":{"start":{"line":3,"column":0},"end":{"line":3,"column":35}},"2":{"start":{"line":4,"column":0},"end":{"line":4,"column":28}},"3":{"start":{"line":5,"column":0},"end":{"line":5,"column":26}},"4":{"start":{"line":6,"column":0},"end":{"line":6,"column":42}},"5":{"start":{"line":8,"column":0},"end":{"line":42,"column":1}},"6":{"start":{"line":9,"column":2},"end":{"line":9,"column":22}},"7":{"start":{"line":10,"column":2},"end":{"line":23,"column":3}},"8":{"start":{"line":12,"column":4},"end":{"line":12,"column":72},"skip":true},"9":{"start":{"line":12,"column":54},"end":{"line":12,"column":72},"skip":true},"10":{"start":{"line":13,"column":4},"end":{"line":15,"column":5}},"11":{"start":{"line":14,"column":6},"end":{"line":14,"column":71}},"12":{"start":{"line":16,"column":4},"end":{"line":22,"column":6}},"13":{"start":{"line":25,"column":2},"end":{"line":41,"column":28}},"14":{"start":{"line":27,"column":6},"end":{"line":27,"column":33}},"15":{"start":{"line":28,"column":6},"end":{"line":28,"column":41}},"16":{"start":{"line":29,"column":6},"end":{"line":29,"column":19}},"17":{"start":{"line":30,"column":6},"end":{"line":30,"column":37}},"18":{"start":{"line":31,"column":6},"end":{"line":31,"column":131}},"19":{"start":{"line":31,"column":55},"end":{"line":31,"column":131}},"20":{"start":{"line":32,"column":6},"end":{"line":32,"column":106}},"21":{"start":{"line":33,"column":6},"end":{"line":33,"column":42}},"22":{"start":{"line":34,"column":6},"end":{"line":36,"column":7}},"23":{"start":{"line":35,"column":8},"end":{"line":35,"column":105}},"24":{"start":{"line":37,"column":6},"end":{"line":37,"column":59}},"25":{"start":{"line":38,"column":6},"end":{"line":38,"column":55}},"26":{"start":{"line":40,"column":17},"end":{"line":40,"column":32}},"27":{"start":{"line":41,"column":18},"end":{"line":41,"column":27}}},"branchMap":{"1":{"line":12,"type":"if","locations":[{"start":{"line":12,"column":4},"end":{"line":12,"column":4},"skip":true},{"start":{"line":12,"column":4},"end":{"line":12,"column":4},"skip":true}]},"2":{"line":12,"type":"binary-expr","locations":[{"start":{"line":12,"column":8},"end":{"line":12,"column":11},"skip":true},{"start":{"line":12,"column":15},"end":{"line":12,"column":52},"skip":true}]},"3":{"line":13,"type":"if","locations":[{"start":{"line":13,"column":4},"end":{"line":13,"column":4}},{"start":{"line":13,"column":4},"end":{"line":13,"column":4}}]},"4":{"line":13,"type":"binary-expr","locations":[{"start":{"line":13,"column":8},"end":{"line":13,"column":11}},{"start":{"line":13,"column":15},"end":{"line":13,"column":48}}]},"5":{"line":17,"type":"cond-expr","locations":[{"start":{"line":17,"column":24},"end":{"line":17,"column":34}},{"start":{"line":17,"column":38},"end":{"line":17,"column":60}}]},"6":{"line":17,"type":"cond-expr","locations":[{"start":{"line":17,"column":44},"end":{"line":17,"column":54}},{"start":{"line":17,"column":57},"end":{"line":17,"column":60}}]},"7":{"line":18,"type":"binary-expr","locations":[{"start":{"line":18,"column":27},"end":{"line":18,"column":30}},{"start":{"line":18,"column":34},"end":{"line":18,"column":37}}]},"8":{"line":31,"type":"if","locations":[{"start":{"line":31,"column":6},"end":{"line":31,"column":6}},{"start":{"line":31,"column":6},"end":{"line":31,"column":6}}]},"9":{"line":31,"type":"binary-expr","locations":[{"start":{"line":31,"column":10},"end":{"line":31,"column":27}},{"start":{"line":31,"column":31},"end":{"line":31,"column":53}}]},"10":{"line":34,"type":"if","locations":[{"start":{"line":34,"column":6},"end":{"line":34,"column":6}},{"start":{"line":34,"column":6},"end":{"line":34,"column":6}}]},"11":{"line":34,"type":"binary-expr","locations":[{"start":{"line":34,"column":10},"end":{"line":34,"column":17}},{"start":{"line":34,"column":21},"end":{"line":34,"column":51}}]},"12":{"line":37,"type":"cond-expr","locations":[{"start":{"line":37,"column":32},"end":{"line":37,"column":54}},{"start":{"line":37,"column":57},"end":{"line":37,"column":59}}]}}},"/home/m/git/starhs-api-proxy-aws-lambda/operations/index.js":{"path":"/home/m/git/starhs-api-proxy-aws-lambda/operations/index.js","s":{"1":1},"b":{},"f":{},"fnMap":{},"statementMap":{"1":{"start":{"line":3,"column":0},"end":{"line":6,"column":1}}},"branchMap":{}},"/home/m/git/starhs-api-proxy-aws-lambda/operations/status.js":{"path":"/home/m/git/starhs-api-proxy-aws-lambda/operations/status.js","s":{"1":1,"2":1,"3":1,"4":1},"b":{},"f":{},"fnMap":{},"statementMap":{"1":{"start":{"line":3,"column":0},"end":{"line":3,"column":35}},"2":{"start":{"line":5,"column":0},"end":{"line":8,"column":2}},"3":{"start":{"line":5,"column":21},"end":{"line":8,"column":2}},"4":{"start":{"line":10,"column":0},"end":{"line":12,"column":1}}},"branchMap":{}}}