TN:
SF:/home/m/git/starhs-api-proxy-aws-lambda/api.js
FN:19,HttpProblem
FNF:1
FNH:1
FNDA:6,HttpProblem
DA:3,1
DA:4,1
DA:19,1
DA:20,6
DA:21,6
DA:22,6
DA:23,6
DA:24,6
DA:25,6
DA:28,1
DA:29,1
DA:30,1
DA:32,1
DA:33,7
DA:34,6
DA:35,6
DA:36,6
DA:38,6
DA:41,1
DA:42,7
DA:43,7
DA:44,1
DA:46,6
DA:47,1
DA:49,5
DA:51,1
LF:26
LH:26
BRDA:33,1,0,1
BRDA:33,1,1,6
BRDA:33,2,0,7
BRDA:33,2,1,6
BRDA:43,3,0,1
BRDA:43,3,1,6
BRDA:46,4,0,1
BRDA:46,4,1,5
BRF:8
BRH:8
end_of_record
TN:
SF:/home/m/git/starhs-api-proxy-aws-lambda/index.js
FNF:0
FNH:0
DA:3,1
DA:4,1
DA:5,1
DA:6,1
DA:8,1
DA:9,4
DA:10,4
DA:12,4
DA:13,4
DA:14,1
DA:16,4
DA:25,4
DA:27,4
DA:28,4
DA:29,4
DA:30,4
DA:31,4
DA:32,3
DA:33,3
DA:34,3
DA:35,1
DA:37,2
DA:38,1
DA:40,1
DA:41,3
LF:25
LH:25
BRDA:12,1,0,0
BRDA:12,1,1,4
BRDA:12,2,0,4
BRDA:12,2,1,3
BRDA:13,3,0,1
BRDA:13,3,1,3
BRDA:13,4,0,4
BRDA:13,4,1,3
BRDA:17,5,0,3
BRDA:17,5,1,1
BRDA:17,6,0,1
BRDA:17,6,1,0
BRDA:18,7,0,4
BRDA:18,7,1,1
BRDA:31,8,0,1
BRDA:31,8,1,3
BRDA:31,9,0,4
BRDA:31,9,1,4
BRDA:34,10,0,1
BRDA:34,10,1,2
BRDA:34,11,0,3
BRDA:34,11,1,2
BRDA:37,12,0,1
BRDA:37,12,1,1
BRF:24
BRH:23
end_of_record
TN:
SF:/home/m/git/starhs-api-proxy-aws-lambda/operations/index.js
FNF:0
FNH:0
DA:3,1
LF:1
LH:1
BRF:0
BRH:0
end_of_record
TN:
SF:/home/m/git/starhs-api-proxy-aws-lambda/operations/status.js
FNF:0
FNH:0
DA:3,1
DA:5,1
DA:10,1
LF:3
LH:3
BRF:0
BRH:0
end_of_record
